<?xml version="1.0" encoding="UTF-8"?>
<!-- Generated by org.testng.reporters.JUnitXMLReporter -->
<testsuite ignored="0" hostname="DESKTOP-UEI1UFT" failures="1" tests="1" name="Add_Buyer_Testcase" time="37.993" errors="0" timestamp="2024-04-23T12:38:42 IST">
  <testcase classname="Testcases.Add_Buyer_Testcase" name="Add_Subadmins" time="28.77">
    <failure type="java.lang.NullPointerException" message="Cannot invoke &amp;quot;org.openqa.selenium.WebDriver.close()&amp;quot; because &amp;quot;this.driver&amp;quot; is null">
      <![CDATA[java.lang.NullPointerException: Cannot invoke "org.openqa.selenium.WebDriver.close()" because "this.driver" is null
at PO.Add_Buyer_PO.Add_Buyer(Add_Buyer_PO.java:174)
at Testcases.Add_Buyer_Testcase.Add_Subadmins(Add_Buyer_Testcase.java:68)
at java.base/java.util.ArrayList.forEach(ArrayList.java:1511)
... Removed 27 stack frames]]>
    </failure>
  </testcase> <!-- Add_Subadmins -->
</testsuite> <!-- Add_Buyer_Testcase -->
