<?xml version="1.0" encoding="UTF-8"?>
<!-- Generated by org.testng.reporters.JUnitXMLReporter -->
<testsuite ignored="0" hostname="DESKTOP-UEI1UFT" failures="1" tests="1" name="Add_Buyer_Testcase" time="36.653" errors="0" timestamp="2024-05-14T13:00:12 IST">
  <testcase classname="Testcases.Add_Buyer_Testcase" name="Add_Buyer_With_all_Valid_Data" time="26.643">
    <failure type="java.lang.AssertionError" message="Data was not added successfully expected [true] but found [false]">
      <![CDATA[java.lang.AssertionError: Data was not added successfully expected [true] but found [false]
at Testcases.Add_Buyer_Testcase.Add_Buyer_With_all_Valid_Data(Add_Buyer_Testcase.java:75)
at java.base/java.util.ArrayList.forEach(ArrayList.java:1511)
... Removed 30 stack frames]]>
    </failure>
  </testcase> <!-- Add_Buyer_With_all_Valid_Data -->
</testsuite> <!-- Add_Buyer_Testcase -->
